Build started 17/02/2014 14:40:54.
     1>Project "C:\Users\jcunningham3\Documents\RTSproject\RTSProject\RTSProject.vcxproj" on node 2 (Build target(s)).
     1>ClCompile:
         C:\Program Files (x86)\Microsoft Visual Studio 11.0\VC\bin\CL.exe /c /I"C:\ProgramData\TL-Engine\include" /I"C:\Program Files (x86)\Microsoft DirectX SDK (June 2010)\Include" /ZI /nologo /W3 /WX- /Od /Oy- /D WIN32 /D _DEBUG /D _CONSOLE /D _UNICODE /D UNICODE /Gm /EHsc /RTC1 /MTd /GS /Gy /fp:fast /Zc:wchar_t /Zc:forScope /Fo"Debug\\" /Fd"Debug\vc110.pdb" /Gd /TP /analyze- /errorReport:prompt RTSProject.cpp
         RTSProject.cpp
     1>c:\users\jcunningham3\documents\rtsproject\rtsproject\rtsproject.cpp(14): warning C4129: ' ' : unrecognized character escape sequence
       Link:
         C:\Program Files (x86)\Microsoft Visual Studio 11.0\VC\bin\link.exe /ERRORREPORT:PROMPT /OUT:"C:\Users\jcunningham3\Documents\RTSproject\RTSProject\RTSProjectDebug.exe" /INCREMENTAL /NOLOGO /LIBPATH:"C:\ProgramData\TL-Engine\lib" "TL-Engine2012Debug.lib" kernel32.lib user32.lib gdi32.lib winspool.lib comdlg32.lib advapi32.lib shell32.lib ole32.lib oleaut32.lib uuid.lib odbc32.lib odbccp32.lib /MANIFEST:NO /DEBUG /PDB:"C:\Users\jcunningham3\Documents\RTSproject\RTSProject\\RTSProject.pdb" /SUBSYSTEM:CONSOLE /TLBID:1 /DYNAMICBASE /IMPLIB:"C:\Users\jcunningham3\Documents\RTSproject\RTSProject\\RTSProjectDebug.lib" /MACHINE:X86 /SAFESEH:NO Debug\RTSProject.obj
     1>TL-Engine2012Debug.lib(TL-Engine.obj) : warning LNK4099: PDB 'vc110.pdb' was not found with 'TL-Engine2012Debug.lib(TL-Engine.obj)' or at 'C:\Users\jcunningham3\Documents\RTSproject\RTSProject\vc110.pdb'; linking object as if no debug info
     1>TL-Engine2012Debug.lib(Errors.obj) : warning LNK4099: PDB 'vc110.pdb' was not found with 'TL-Engine2012Debug.lib(Errors.obj)' or at 'C:\Users\jcunningham3\Documents\RTSproject\RTSProject\vc110.pdb'; linking object as if no debug info
     1>TL-Engine2012Debug.lib(TLXSprite.obj) : warning LNK4099: PDB 'vc110.pdb' was not found with 'TL-Engine2012Debug.lib(TLXSprite.obj)' or at 'C:\Users\jcunningham3\Documents\RTSproject\RTSProject\vc110.pdb'; linking object as if no debug info
     1>TL-Engine2012Debug.lib(TLXSceneNode.obj) : warning LNK4099: PDB 'vc110.pdb' was not found with 'TL-Engine2012Debug.lib(TLXSceneNode.obj)' or at 'C:\Users\jcunningham3\Documents\RTSproject\RTSProject\vc110.pdb'; linking object as if no debug info
     1>TL-Engine2012Debug.lib(TLXModelNode.obj) : warning LNK4099: PDB 'vc110.pdb' was not found with 'TL-Engine2012Debug.lib(TLXModelNode.obj)' or at 'C:\Users\jcunningham3\Documents\RTSproject\RTSProject\vc110.pdb'; linking object as if no debug info
     1>TL-Engine2012Debug.lib(TLXModel.obj) : warning LNK4099: PDB 'vc110.pdb' was not found with 'TL-Engine2012Debug.lib(TLXModel.obj)' or at 'C:\Users\jcunningham3\Documents\RTSproject\RTSProject\vc110.pdb'; linking object as if no debug info
     1>TL-Engine2012Debug.lib(TLXMesh.obj) : warning LNK4099: PDB 'vc110.pdb' was not found with 'TL-Engine2012Debug.lib(TLXMesh.obj)' or at 'C:\Users\jcunningham3\Documents\RTSproject\RTSProject\vc110.pdb'; linking object as if no debug info
     1>TL-Engine2012Debug.lib(TLXLight.obj) : warning LNK4099: PDB 'vc110.pdb' was not found with 'TL-Engine2012Debug.lib(TLXLight.obj)' or at 'C:\Users\jcunningham3\Documents\RTSproject\RTSProject\vc110.pdb'; linking object as if no debug info
     1>TL-Engine2012Debug.lib(TLXFont.obj) : warning LNK4099: PDB 'vc110.pdb' was not found with 'TL-Engine2012Debug.lib(TLXFont.obj)' or at 'C:\Users\jcunningham3\Documents\RTSproject\RTSProject\vc110.pdb'; linking object as if no debug info
     1>TL-Engine2012Debug.lib(TLXEngine.obj) : warning LNK4099: PDB 'vc110.pdb' was not found with 'TL-Engine2012Debug.lib(TLXEngine.obj)' or at 'C:\Users\jcunningham3\Documents\RTSproject\RTSProject\vc110.pdb'; linking object as if no debug info
     1>TL-Engine2012Debug.lib(TLXCamera.obj) : warning LNK4099: PDB 'vc110.pdb' was not found with 'TL-Engine2012Debug.lib(TLXCamera.obj)' or at 'C:\Users\jcunningham3\Documents\RTSproject\RTSProject\vc110.pdb'; linking object as if no debug info
     1>TL-Engine2012Debug.lib(IrrlichtSceneNode.obj) : warning LNK4099: PDB 'vc110.pdb' was not found with 'TL-Engine2012Debug.lib(IrrlichtSceneNode.obj)' or at 'C:\Users\jcunningham3\Documents\RTSproject\RTSProject\vc110.pdb'; linking object as if no debug info
     1>TL-Engine2012Debug.lib(IrrlichtModel.obj) : warning LNK4099: PDB 'vc110.pdb' was not found with 'TL-Engine2012Debug.lib(IrrlichtModel.obj)' or at 'C:\Users\jcunningham3\Documents\RTSproject\RTSProject\vc110.pdb'; linking object as if no debug info
     1>TL-Engine2012Debug.lib(IrrlichtMesh.obj) : warning LNK4099: PDB 'vc110.pdb' was not found with 'TL-Engine2012Debug.lib(IrrlichtMesh.obj)' or at 'C:\Users\jcunningham3\Documents\RTSproject\RTSProject\vc110.pdb'; linking object as if no debug info
     1>TL-Engine2012Debug.lib(IrrlichtLight.obj) : warning LNK4099: PDB 'vc110.pdb' was not found with 'TL-Engine2012Debug.lib(IrrlichtLight.obj)' or at 'C:\Users\jcunningham3\Documents\RTSproject\RTSProject\vc110.pdb'; linking object as if no debug info
     1>TL-Engine2012Debug.lib(IrrlichtInput.obj) : warning LNK4099: PDB 'vc110.pdb' was not found with 'TL-Engine2012Debug.lib(IrrlichtInput.obj)' or at 'C:\Users\jcunningham3\Documents\RTSproject\RTSProject\vc110.pdb'; linking object as if no debug info
     1>TL-Engine2012Debug.lib(IrrlichtFont.obj) : warning LNK4099: PDB 'vc110.pdb' was not found with 'TL-Engine2012Debug.lib(IrrlichtFont.obj)' or at 'C:\Users\jcunningham3\Documents\RTSproject\RTSProject\vc110.pdb'; linking object as if no debug info
     1>TL-Engine2012Debug.lib(IrrlichtEngine.obj) : warning LNK4099: PDB 'vc110.pdb' was not found with 'TL-Engine2012Debug.lib(IrrlichtEngine.obj)' or at 'C:\Users\jcunningham3\Documents\RTSproject\RTSProject\vc110.pdb'; linking object as if no debug info
     1>TL-Engine2012Debug.lib(IrrlichtCamera.obj) : warning LNK4099: PDB 'vc110.pdb' was not found with 'TL-Engine2012Debug.lib(IrrlichtCamera.obj)' or at 'C:\Users\jcunningham3\Documents\RTSproject\RTSProject\vc110.pdb'; linking object as if no debug info
         RTSProject.vcxproj -> C:\Users\jcunningham3\Documents\RTSproject\RTSProject\\RTSProjectDebug.exe
       PostBuildEvent:
         copy "C:\ProgramData\TL-Engine\3rd Party\Irrlicht-0.7\bin\VisualStudio\IrrlichtDebug.dll" "C:\Users\jcunningham3\Documents\RTSproject\RTSProject\\" > NUL
         copy "C:\ProgramData\TL-Engine\3rd Party\TL-Xtreme\shader\*.*" "C:\Users\jcunningham3\Documents\RTSproject\RTSProject\\" > NUL
         
         :VCEnd
     1>Done Building Project "C:\Users\jcunningham3\Documents\RTSproject\RTSProject\RTSProject.vcxproj" (Build target(s)).

Build succeeded.

Time Elapsed 00:00:01.77
